<?xml version="1.0" encoding="utf-8"?>
<!DOCTYPE coverage SYSTEM "http://cobertura.sourceforge.net/xml/coverage-04.dtd">
<coverage line-rate="0.46153846153846156" branch-rate="1" lines-covered="6" lines-valid="13" branches-covered="0" branches-valid="0" complexity="0" version="0" timestamp="1725996000">
  <sources>
    <source>/home/runner/work/go-pipeline/go-pipeline</source>
  </sources>
  <packages>
    <package name="go-actions" line-rate="0.46153846153846156" branch-rate="1" complexity="0">
      <classes>
        <class name="main.go" filename="/home/runner/work/go-pipeline/go-pipeline/main.go" line-rate="0" branch-rate="1" complexity="0">
          <methods>
            <method name="main" signature="" line-rate="0" branch-rate="1" complexity="0">
              <lines>
                <line number="5" hits="0" branch="false" />
                <line number="6" hits="0" branch="false" />
                <line number="7" hits="0" branch="false" />
                <line number="8" hits="0" branch="false" />
                <line number="9" hits="0" branch="false" />
                <line number="10" hits="0" branch="false" />
                <line number="11" hits="0" branch="false" />
              </lines>
            </method>
          </methods>
          <lines>
            <line number="5" hits="0" branch="false" />
            <line number="6" hits="0" branch="false" />
            <line number="7" hits="0" branch="false" />
            <line number="8" hits="0" branch="false" />
            <line number="9" hits="0" branch="false" />
            <line number="10" hits="0" branch="false" />
            <line number="11" hits="0" branch="false" />
          </lines>
        </class>
        <class name="only_on_mac.go" filename="/home/runner/work/go-pipeline/go-pipeline/only_on_mac.go" line-rate="1" branch-rate="1" complexity="0">
          <methods>
            <method name="onlyOnMac" signature="" line-rate="1" branch-rate="1" complexity="0">
              <lines>
                <line number="4" hits="6" branch="false" />
                <line number="5" hits="6" branch="false" />
                <line number="6" hits="6" branch="false" />
              </lines>
            </method>
          </methods>
          <lines>
            <line number="4" hits="6" branch="false" />
            <line number="5" hits="6" branch="false" />
            <line number="6" hits="6" branch="false" />
          </lines>
        </class>
        <class name="other.go" filename="/home/runner/work/go-pipeline/go-pipeline/other.go" line-rate="1" branch-rate="1" complexity="0">
          <methods>
            <method name="onlyOnLinux" signature="" line-rate="1" branch-rate="1" complexity="0">
              <lines>
                <line number="4" hits="6" branch="false" />
                <line number="5" hits="6" branch="false" />
                <line number="6" hits="6" branch="false" />
              </lines>
            </method>
          </methods>
          <lines>
            <line number="4" hits="6" branch="false" />
            <line number="5" hits="6" branch="false" />
            <line number="6" hits="6" branch="false" />
          </lines>
        </class>
      </classes>
    </package>
  </packages>
</coverage>